Copyright 1986-2022 Xilinx, Inc. All Rights Reserved. Copyright 2022-2026 Advanced Micro Devices, Inc. All Rights Reserved.
---------------------------------------------------------------------------------------------------------------------------------------------
| Tool Version : Vivado v.2025.2.1 (win64) Build 6403652 Thu Mar 19 19:48:24 GMT 2026
| Date         : Wed May 13 18:00:13 2026
| Host         : Tobia running 64-bit major release  (build 9200)
| Command      : report_utilization -file design_1_wrapper_utilization_synth.rpt -pb design_1_wrapper_utilization_synth.pb
| Design       : design_1_wrapper
| Device       : xc7z020clg484-1
| Speed File   : -1
| Design State : Synthesized
---------------------------------------------------------------------------------------------------------------------------------------------

Utilization Design Information

Table of Contents
-----------------
1. Slice Logic
1.1 Summary of Registers by Type
2. Memory
3. DSP
4. IO and GT Specific
5. Clocking
6. Specific Feature
7. Primitives
8. Black Boxes
9. Instantiated Netlists

1. Slice Logic
--------------

+----------------------------+-------+-------+------------+-----------+-------+
|          Site Type         |  Used | Fixed | Prohibited | Available | Util% |
+----------------------------+-------+-------+------------+-----------+-------+
| Slice LUTs*                | 48688 |     0 |          0 |     53200 | 91.52 |
|   LUT as Logic             | 47928 |     0 |          0 |     53200 | 90.09 |
|   LUT as Memory            |   760 |     0 |          0 |     17400 |  4.37 |
|     LUT as Distributed RAM |   736 |     0 |            |           |       |
|     LUT as Shift Register  |    24 |     0 |            |           |       |
| Slice Registers            | 26931 |     0 |          0 |    106400 | 25.31 |
|   Register as Flip Flop    | 26910 |     0 |          0 |    106400 | 25.29 |
|   Register as Latch        |    21 |     0 |          0 |    106400 |  0.02 |
| F7 Muxes                   |  7109 |     0 |          0 |     26600 | 26.73 |
| F8 Muxes                   |  3374 |     0 |          0 |     13300 | 25.37 |
| Unique Control Sets        |  2857 |       |          0 |     13300 | 21.48 |
+----------------------------+-------+-------+------------+-----------+-------+
* Warning! The Final LUT count, after physical optimizations and full implementation, is typically lower. Run opt_design after synthesis, if not already completed, for a more realistic count.
Warning! LUT value is adjusted to account for LUT combining.
Warning! For any ECO changes, please run place_design if there are unplaced instances
** Note: Available Control Sets calculated as Slice * 1, Review the Control Sets Report for more information regarding control sets.


1.1 Summary of Registers by Type
--------------------------------

+-------+--------------+-------------+--------------+
| Total | Clock Enable | Synchronous | Asynchronous |
+-------+--------------+-------------+--------------+
| 0     |            _ |           - |            - |
| 0     |            _ |           - |          Set |
| 0     |            _ |           - |        Reset |
| 0     |            _ |         Set |            - |
| 0     |            _ |       Reset |            - |
| 0     |          Yes |           - |            - |
| 2     |          Yes |           - |          Set |
| 467   |          Yes |           - |        Reset |
| 27    |          Yes |         Set |            - |
| 26435 |          Yes |       Reset |            - |
+-------+--------------+-------------+--------------+


2. Memory
---------

+-------------------+------+-------+------------+-----------+-------+
|     Site Type     | Used | Fixed | Prohibited | Available | Util% |
+-------------------+------+-------+------------+-----------+-------+
| Block RAM Tile    |  4.5 |     0 |          0 |       140 |  3.21 |
|   RAMB36/FIFO*    |    0 |     0 |          0 |       140 |  0.00 |
|   RAMB18          |    9 |     0 |          0 |       280 |  3.21 |
|     RAMB18E1 only |    9 |       |            |           |       |
+-------------------+------+-------+------------+-----------+-------+
* Note: Each Block RAM Tile only has one FIFO logic available and therefore can accommodate only one FIFO36E1 or one FIFO18E1. However, if a FIFO18E1 occupies a Block RAM Tile, that tile can still accommodate a RAMB18E1


3. DSP
------

+----------------+------+-------+------------+-----------+-------+
|    Site Type   | Used | Fixed | Prohibited | Available | Util% |
+----------------+------+-------+------------+-----------+-------+
| DSPs           |    1 |     0 |          0 |       220 |  0.45 |
|   DSP48E1 only |    1 |       |            |           |       |
+----------------+------+-------+------------+-----------+-------+


4. IO and GT Specific
---------------------

+-----------------------------+------+-------+------------+-----------+-------+
|          Site Type          | Used | Fixed | Prohibited | Available | Util% |
+-----------------------------+------+-------+------------+-----------+-------+
| Bonded IOB                  |    0 |     0 |          0 |       200 |  0.00 |
| Bonded IPADs                |    0 |     0 |          0 |         2 |  0.00 |
| Bonded IOPADs               |    0 |     0 |          0 |       130 |  0.00 |
| PHY_CONTROL                 |    0 |     0 |          0 |         4 |  0.00 |
| PHASER_REF                  |    0 |     0 |          0 |         4 |  0.00 |
| OUT_FIFO                    |    0 |     0 |          0 |        16 |  0.00 |
| IN_FIFO                     |    0 |     0 |          0 |        16 |  0.00 |
| IDELAYCTRL                  |    0 |     0 |          0 |         4 |  0.00 |
| IBUFDS                      |    0 |     0 |          0 |       192 |  0.00 |
| PHASER_OUT/PHASER_OUT_PHY   |    0 |     0 |          0 |        16 |  0.00 |
| PHASER_IN/PHASER_IN_PHY     |    0 |     0 |          0 |        16 |  0.00 |
| IDELAYE2/IDELAYE2_FINEDELAY |    0 |     0 |          0 |       200 |  0.00 |
| ILOGIC                      |    0 |     0 |          0 |       200 |  0.00 |
| OLOGIC                      |    0 |     0 |          0 |       200 |  0.00 |
+-----------------------------+------+-------+------------+-----------+-------+


5. Clocking
-----------

+------------+------+-------+------------+-----------+-------+
|  Site Type | Used | Fixed | Prohibited | Available | Util% |
+------------+------+-------+------------+-----------+-------+
| BUFGCTRL   |    1 |     0 |          0 |        32 |  3.13 |
| BUFIO      |    0 |     0 |          0 |        16 |  0.00 |
| MMCME2_ADV |    0 |     0 |          0 |         4 |  0.00 |
| PLLE2_ADV  |    0 |     0 |          0 |         4 |  0.00 |
| BUFMRCE    |    0 |     0 |          0 |         8 |  0.00 |
| BUFHCE     |    0 |     0 |          0 |        72 |  0.00 |
| BUFR       |    0 |     0 |          0 |        16 |  0.00 |
+------------+------+-------+------------+-----------+-------+


6. Specific Feature
-------------------

+-------------+------+-------+------------+-----------+-------+
|  Site Type  | Used | Fixed | Prohibited | Available | Util% |
+-------------+------+-------+------------+-----------+-------+
| BSCANE2     |    0 |     0 |          0 |         4 |  0.00 |
| CAPTUREE2   |    0 |     0 |          0 |         1 |  0.00 |
| DNA_PORT    |    0 |     0 |          0 |         1 |  0.00 |
| EFUSE_USR   |    0 |     0 |          0 |         1 |  0.00 |
| FRAME_ECCE2 |    0 |     0 |          0 |         1 |  0.00 |
| ICAPE2      |    0 |     0 |          0 |         2 |  0.00 |
| STARTUPE2   |    0 |     0 |          0 |         1 |  0.00 |
| XADC        |    0 |     0 |          0 |         1 |  0.00 |
+-------------+------+-------+------------+-----------+-------+


7. Primitives
-------------

+----------+-------+----------------------+
| Ref Name |  Used |  Functional Category |
+----------+-------+----------------------+
| LUT6     | 26931 |                  LUT |
| FDRE     | 26435 |         Flop & Latch |
| LUT5     | 16054 |                  LUT |
| MUXF7    |  7109 |                MuxFx |
| LUT3     |  5140 |                  LUT |
| MUXF8    |  3374 |                MuxFx |
| LUT2     |  2618 |                  LUT |
| LUT4     |  1669 |                  LUT |
| RAMD64E  |   736 |   Distributed Memory |
| FDCE     |   446 |         Flop & Latch |
| LUT1     |   144 |                  LUT |
| BIBUF    |   130 |                   IO |
| CARRY4   |    94 |           CarryLogic |
| FDSE     |    27 |         Flop & Latch |
| SRL16E   |    24 |   Distributed Memory |
| LDCE     |    21 |         Flop & Latch |
| RAMB18E1 |     9 |         Block Memory |
| FDPE     |     2 |         Flop & Latch |
| PS7      |     1 | Specialized Resource |
| DSP48E1  |     1 |     Block Arithmetic |
| BUFG     |     1 |                Clock |
+----------+-------+----------------------+


8. Black Boxes
--------------

+----------+------+
| Ref Name | Used |
+----------+------+


9. Instantiated Netlists
------------------------

+----------+------+
| Ref Name | Used |
+----------+------+


