Copyright 1986-2022 Xilinx, Inc. All Rights Reserved. Copyright 2022-2026 Advanced Micro Devices, Inc. All Rights Reserved.
---------------------------------------------------------------------------------------------------------------------------------------------
| Tool Version : Vivado v.2025.2.1 (win64) Build 6403652 Thu Mar 19 19:48:24 GMT 2026
| Date         : Wed May 13 18:03:25 2026
| Host         : Tobia running 64-bit major release  (build 9200)
| Command      : report_drc -file design_1_wrapper_drc_opted.rpt -pb design_1_wrapper_drc_opted.pb -rpx design_1_wrapper_drc_opted.rpx
| Design       : design_1_wrapper
| Device       : xc7z020clg484-1
| Speed File   : -1
| Design State : Synthesized
---------------------------------------------------------------------------------------------------------------------------------------------

Report DRC

Table of Contents
-----------------
1. REPORT SUMMARY
2. REPORT DETAILS

1. REPORT SUMMARY
-----------------
            Netlist: netlist
          Floorplan: design_1
      Design limits: <entire design considered>
           Ruledeck: default
             Max checks: <unlimited>
             Checks found: 24
+-----------+----------+----------------------------+--------+
| Rule      | Severity | Description                | Checks |
+-----------+----------+----------------------------+--------+
| CHECK-3   | Warning  | Report rule limit reached  | 1      |
| DPIP-1    | Warning  | Input pipelining           | 2      |
| DPOP-2    | Warning  | MREG Output pipelining     | 1      |
| REQP-1840 | Warning  | RAMB18 async control check | 20     |
+-----------+----------+----------------------------+--------+

2. REPORT DETAILS
-----------------
CHECK-3#1 Warning
Report rule limit reached  
REQP-1840 rule limit reached: 20 violations have been found.
Related violations: <none>

DPIP-1#1 Warning
Input pipelining  
DSP design_1_i/topserver_axi_0/inst/u_topserver/u_mat_vec_mul/u_pe/unit/btfu/mm0/im0/P0 input design_1_i/topserver_axi_0/inst/u_topserver/u_mat_vec_mul/u_pe/unit/btfu/mm0/im0/P0/A[29:0] is not pipelined. Pipelining DSP48 input will improve performance.
Related violations: <none>

DPIP-1#2 Warning
Input pipelining  
DSP design_1_i/topserver_axi_0/inst/u_topserver/u_mat_vec_mul/u_pe/unit/btfu/mm0/im0/P0 input design_1_i/topserver_axi_0/inst/u_topserver/u_mat_vec_mul/u_pe/unit/btfu/mm0/im0/P0/B[17:0] is not pipelined. Pipelining DSP48 input will improve performance.
Related violations: <none>

DPOP-2#1 Warning
MREG Output pipelining  
DSP design_1_i/topserver_axi_0/inst/u_topserver/u_mat_vec_mul/u_pe/unit/btfu/mm0/im0/P0 multiplier stage design_1_i/topserver_axi_0/inst/u_topserver/u_mat_vec_mul/u_pe/unit/btfu/mm0/im0/P0/P[47:0] is not pipelined (MREG=0). Pipelining the multiplier function will improve performance and will save significant power so it is suggested whenever possible to fully pipeline this function.  If this multiplier was inferred, it is suggested to describe an additional register stage after this function.  If there is no registered adder/accumulator following the multiply function, two pipeline stages are suggested to allow both the MREG and PREG registers to be used.  If the DSP48 was instantiated in the design, it is suggested to set both the MREG and PREG attributes to 1 when performing multiply functions.
Related violations: <none>

REQP-1840#1 Warning
RAMB18 async control check  
The RAMB18E1 design_1_i/topserver_axi_0/inst/u_topserver/u_mat_vec_mul/u_pe/unit/bd00/blockram_reg has an input control pin design_1_i/topserver_axi_0/inst/u_topserver/u_mat_vec_mul/u_pe/unit/bd00/blockram_reg/ADDRARDADDR[10] (net: design_1_i/topserver_axi_0/inst/u_topserver/u_mat_vec_mul/u_pe/unit/bd00/ADDRARDADDR[6]) which is driven by a register (design_1_i/topserver_axi_0/inst/u_topserver/u_mat_vec_mul/u_pe/unit/FSM_onehot_curr_state_reg[1]) that has an active asychronous set or reset. This may cause corruption of the memory contents and/or read values when the set/reset is asserted and is not analyzed by the default static timing analysis. It is suggested to eliminate the use of a set/reset to registers driving this RAMB pin or else use a synchronous reset in which the assertion of the reset is timed by default.
Related violations: <none>

REQP-1840#2 Warning
RAMB18 async control check  
The RAMB18E1 design_1_i/topserver_axi_0/inst/u_topserver/u_mat_vec_mul/u_pe/unit/bd00/blockram_reg has an input control pin design_1_i/topserver_axi_0/inst/u_topserver/u_mat_vec_mul/u_pe/unit/bd00/blockram_reg/ADDRARDADDR[10] (net: design_1_i/topserver_axi_0/inst/u_topserver/u_mat_vec_mul/u_pe/unit/bd00/ADDRARDADDR[6]) which is driven by a register (design_1_i/topserver_axi_0/inst/u_topserver/u_mat_vec_mul/u_pe/unit/FSM_onehot_curr_state_reg[3]) that has an active asychronous set or reset. This may cause corruption of the memory contents and/or read values when the set/reset is asserted and is not analyzed by the default static timing analysis. It is suggested to eliminate the use of a set/reset to registers driving this RAMB pin or else use a synchronous reset in which the assertion of the reset is timed by default.
Related violations: <none>

REQP-1840#3 Warning
RAMB18 async control check  
The RAMB18E1 design_1_i/topserver_axi_0/inst/u_topserver/u_mat_vec_mul/u_pe/unit/bd00/blockram_reg has an input control pin design_1_i/topserver_axi_0/inst/u_topserver/u_mat_vec_mul/u_pe/unit/bd00/blockram_reg/ADDRARDADDR[10] (net: design_1_i/topserver_axi_0/inst/u_topserver/u_mat_vec_mul/u_pe/unit/bd00/ADDRARDADDR[6]) which is driven by a register (design_1_i/topserver_axi_0/inst/u_topserver/u_mat_vec_mul/u_pe/unit/FSM_onehot_curr_state_reg[4]) that has an active asychronous set or reset. This may cause corruption of the memory contents and/or read values when the set/reset is asserted and is not analyzed by the default static timing analysis. It is suggested to eliminate the use of a set/reset to registers driving this RAMB pin or else use a synchronous reset in which the assertion of the reset is timed by default.
Related violations: <none>

REQP-1840#4 Warning
RAMB18 async control check  
The RAMB18E1 design_1_i/topserver_axi_0/inst/u_topserver/u_mat_vec_mul/u_pe/unit/bd00/blockram_reg has an input control pin design_1_i/topserver_axi_0/inst/u_topserver/u_mat_vec_mul/u_pe/unit/bd00/blockram_reg/ADDRARDADDR[10] (net: design_1_i/topserver_axi_0/inst/u_topserver/u_mat_vec_mul/u_pe/unit/bd00/ADDRARDADDR[6]) which is driven by a register (design_1_i/topserver_axi_0/inst/u_topserver/u_mat_vec_mul/u_pe/unit/ag/sre07/DELAY_BLOCK[4].shift_array_reg[5][0]) that has an active asychronous set or reset. This may cause corruption of the memory contents and/or read values when the set/reset is asserted and is not analyzed by the default static timing analysis. It is suggested to eliminate the use of a set/reset to registers driving this RAMB pin or else use a synchronous reset in which the assertion of the reset is timed by default.
Related violations: <none>

REQP-1840#5 Warning
RAMB18 async control check  
The RAMB18E1 design_1_i/topserver_axi_0/inst/u_topserver/u_mat_vec_mul/u_pe/unit/bd00/blockram_reg has an input control pin design_1_i/topserver_axi_0/inst/u_topserver/u_mat_vec_mul/u_pe/unit/bd00/blockram_reg/ADDRARDADDR[10] (net: design_1_i/topserver_axi_0/inst/u_topserver/u_mat_vec_mul/u_pe/unit/bd00/ADDRARDADDR[6]) which is driven by a register (design_1_i/topserver_axi_0/inst/u_topserver/u_mat_vec_mul/u_pe/unit/ag/sre09/DELAY_BLOCK[4].shift_array_reg[5][0]) that has an active asychronous set or reset. This may cause corruption of the memory contents and/or read values when the set/reset is asserted and is not analyzed by the default static timing analysis. It is suggested to eliminate the use of a set/reset to registers driving this RAMB pin or else use a synchronous reset in which the assertion of the reset is timed by default.
Related violations: <none>

REQP-1840#6 Warning
RAMB18 async control check  
The RAMB18E1 design_1_i/topserver_axi_0/inst/u_topserver/u_mat_vec_mul/u_pe/unit/bd00/blockram_reg has an input control pin design_1_i/topserver_axi_0/inst/u_topserver/u_mat_vec_mul/u_pe/unit/bd00/blockram_reg/ADDRARDADDR[10] (net: design_1_i/topserver_axi_0/inst/u_topserver/u_mat_vec_mul/u_pe/unit/bd00/ADDRARDADDR[6]) which is driven by a register (design_1_i/topserver_axi_0/inst/u_topserver/u_mat_vec_mul/u_pe/unit/ag/stage_count_reg[0]) that has an active asychronous set or reset. This may cause corruption of the memory contents and/or read values when the set/reset is asserted and is not analyzed by the default static timing analysis. It is suggested to eliminate the use of a set/reset to registers driving this RAMB pin or else use a synchronous reset in which the assertion of the reset is timed by default.
Related violations: <none>

REQP-1840#7 Warning
RAMB18 async control check  
The RAMB18E1 design_1_i/topserver_axi_0/inst/u_topserver/u_mat_vec_mul/u_pe/unit/bd00/blockram_reg has an input control pin design_1_i/topserver_axi_0/inst/u_topserver/u_mat_vec_mul/u_pe/unit/bd00/blockram_reg/ADDRARDADDR[10] (net: design_1_i/topserver_axi_0/inst/u_topserver/u_mat_vec_mul/u_pe/unit/bd00/ADDRARDADDR[6]) which is driven by a register (design_1_i/topserver_axi_0/inst/u_topserver/u_mat_vec_mul/u_pe/unit/ag/stage_count_reg[1]) that has an active asychronous set or reset. This may cause corruption of the memory contents and/or read values when the set/reset is asserted and is not analyzed by the default static timing analysis. It is suggested to eliminate the use of a set/reset to registers driving this RAMB pin or else use a synchronous reset in which the assertion of the reset is timed by default.
Related violations: <none>

REQP-1840#8 Warning
RAMB18 async control check  
The RAMB18E1 design_1_i/topserver_axi_0/inst/u_topserver/u_mat_vec_mul/u_pe/unit/bd00/blockram_reg has an input control pin design_1_i/topserver_axi_0/inst/u_topserver/u_mat_vec_mul/u_pe/unit/bd00/blockram_reg/ADDRARDADDR[10] (net: design_1_i/topserver_axi_0/inst/u_topserver/u_mat_vec_mul/u_pe/unit/bd00/ADDRARDADDR[6]) which is driven by a register (design_1_i/topserver_axi_0/inst/u_topserver/u_mat_vec_mul/u_pe/unit/ag/stage_count_reg[2]) that has an active asychronous set or reset. This may cause corruption of the memory contents and/or read values when the set/reset is asserted and is not analyzed by the default static timing analysis. It is suggested to eliminate the use of a set/reset to registers driving this RAMB pin or else use a synchronous reset in which the assertion of the reset is timed by default.
Related violations: <none>

REQP-1840#9 Warning
RAMB18 async control check  
The RAMB18E1 design_1_i/topserver_axi_0/inst/u_topserver/u_mat_vec_mul/u_pe/unit/bd00/blockram_reg has an input control pin design_1_i/topserver_axi_0/inst/u_topserver/u_mat_vec_mul/u_pe/unit/bd00/blockram_reg/ADDRARDADDR[10] (net: design_1_i/topserver_axi_0/inst/u_topserver/u_mat_vec_mul/u_pe/unit/bd00/ADDRARDADDR[6]) which is driven by a register (design_1_i/topserver_axi_0/inst/u_topserver/u_mat_vec_mul/u_pe/unit/ag/waddr0_reg[6]) that has an active asychronous set or reset. This may cause corruption of the memory contents and/or read values when the set/reset is asserted and is not analyzed by the default static timing analysis. It is suggested to eliminate the use of a set/reset to registers driving this RAMB pin or else use a synchronous reset in which the assertion of the reset is timed by default.
Related violations: <none>

REQP-1840#10 Warning
RAMB18 async control check  
The RAMB18E1 design_1_i/topserver_axi_0/inst/u_topserver/u_mat_vec_mul/u_pe/unit/bd00/blockram_reg has an input control pin design_1_i/topserver_axi_0/inst/u_topserver/u_mat_vec_mul/u_pe/unit/bd00/blockram_reg/ADDRARDADDR[10] (net: design_1_i/topserver_axi_0/inst/u_topserver/u_mat_vec_mul/u_pe/unit/bd00/ADDRARDADDR[6]) which is driven by a register (design_1_i/topserver_axi_0/inst/u_topserver/u_mat_vec_mul/u_pe/unit/ag/waddr1_reg[6]) that has an active asychronous set or reset. This may cause corruption of the memory contents and/or read values when the set/reset is asserted and is not analyzed by the default static timing analysis. It is suggested to eliminate the use of a set/reset to registers driving this RAMB pin or else use a synchronous reset in which the assertion of the reset is timed by default.
Related violations: <none>

REQP-1840#11 Warning
RAMB18 async control check  
The RAMB18E1 design_1_i/topserver_axi_0/inst/u_topserver/u_mat_vec_mul/u_pe/unit/bd00/blockram_reg has an input control pin design_1_i/topserver_axi_0/inst/u_topserver/u_mat_vec_mul/u_pe/unit/bd00/blockram_reg/ADDRARDADDR[11] (net: design_1_i/topserver_axi_0/inst/u_topserver/u_mat_vec_mul/u_pe/unit/bd00/ADDRARDADDR[7]) which is driven by a register (design_1_i/topserver_axi_0/inst/u_topserver/u_mat_vec_mul/u_pe/unit/FSM_onehot_curr_state_reg[2]) that has an active asychronous set or reset. This may cause corruption of the memory contents and/or read values when the set/reset is asserted and is not analyzed by the default static timing analysis. It is suggested to eliminate the use of a set/reset to registers driving this RAMB pin or else use a synchronous reset in which the assertion of the reset is timed by default.
Related violations: <none>

REQP-1840#12 Warning
RAMB18 async control check  
The RAMB18E1 design_1_i/topserver_axi_0/inst/u_topserver/u_mat_vec_mul/u_pe/unit/bd00/blockram_reg has an input control pin design_1_i/topserver_axi_0/inst/u_topserver/u_mat_vec_mul/u_pe/unit/bd00/blockram_reg/ADDRARDADDR[11] (net: design_1_i/topserver_axi_0/inst/u_topserver/u_mat_vec_mul/u_pe/unit/bd00/ADDRARDADDR[7]) which is driven by a register (design_1_i/topserver_axi_0/inst/u_topserver/u_mat_vec_mul/u_pe/unit/FSM_onehot_curr_state_reg[3]) that has an active asychronous set or reset. This may cause corruption of the memory contents and/or read values when the set/reset is asserted and is not analyzed by the default static timing analysis. It is suggested to eliminate the use of a set/reset to registers driving this RAMB pin or else use a synchronous reset in which the assertion of the reset is timed by default.
Related violations: <none>

REQP-1840#13 Warning
RAMB18 async control check  
The RAMB18E1 design_1_i/topserver_axi_0/inst/u_topserver/u_mat_vec_mul/u_pe/unit/bd00/blockram_reg has an input control pin design_1_i/topserver_axi_0/inst/u_topserver/u_mat_vec_mul/u_pe/unit/bd00/blockram_reg/ADDRARDADDR[11] (net: design_1_i/topserver_axi_0/inst/u_topserver/u_mat_vec_mul/u_pe/unit/bd00/ADDRARDADDR[7]) which is driven by a register (design_1_i/topserver_axi_0/inst/u_topserver/u_mat_vec_mul/u_pe/unit/FSM_onehot_curr_state_reg[4]) that has an active asychronous set or reset. This may cause corruption of the memory contents and/or read values when the set/reset is asserted and is not analyzed by the default static timing analysis. It is suggested to eliminate the use of a set/reset to registers driving this RAMB pin or else use a synchronous reset in which the assertion of the reset is timed by default.
Related violations: <none>

REQP-1840#14 Warning
RAMB18 async control check  
The RAMB18E1 design_1_i/topserver_axi_0/inst/u_topserver/u_mat_vec_mul/u_pe/unit/bd00/blockram_reg has an input control pin design_1_i/topserver_axi_0/inst/u_topserver/u_mat_vec_mul/u_pe/unit/bd00/blockram_reg/ADDRARDADDR[11] (net: design_1_i/topserver_axi_0/inst/u_topserver/u_mat_vec_mul/u_pe/unit/bd00/ADDRARDADDR[7]) which is driven by a register (design_1_i/topserver_axi_0/inst/u_topserver/u_mat_vec_mul/u_pe/unit/ag/sre07/DELAY_BLOCK[4].shift_array_reg[5][0]) that has an active asychronous set or reset. This may cause corruption of the memory contents and/or read values when the set/reset is asserted and is not analyzed by the default static timing analysis. It is suggested to eliminate the use of a set/reset to registers driving this RAMB pin or else use a synchronous reset in which the assertion of the reset is timed by default.
Related violations: <none>

REQP-1840#15 Warning
RAMB18 async control check  
The RAMB18E1 design_1_i/topserver_axi_0/inst/u_topserver/u_mat_vec_mul/u_pe/unit/bd00/blockram_reg has an input control pin design_1_i/topserver_axi_0/inst/u_topserver/u_mat_vec_mul/u_pe/unit/bd00/blockram_reg/ADDRARDADDR[11] (net: design_1_i/topserver_axi_0/inst/u_topserver/u_mat_vec_mul/u_pe/unit/bd00/ADDRARDADDR[7]) which is driven by a register (design_1_i/topserver_axi_0/inst/u_topserver/u_mat_vec_mul/u_pe/unit/ag/sre09/DELAY_BLOCK[4].shift_array_reg[5][0]) that has an active asychronous set or reset. This may cause corruption of the memory contents and/or read values when the set/reset is asserted and is not analyzed by the default static timing analysis. It is suggested to eliminate the use of a set/reset to registers driving this RAMB pin or else use a synchronous reset in which the assertion of the reset is timed by default.
Related violations: <none>

REQP-1840#16 Warning
RAMB18 async control check  
The RAMB18E1 design_1_i/topserver_axi_0/inst/u_topserver/u_mat_vec_mul/u_pe/unit/bd00/blockram_reg has an input control pin design_1_i/topserver_axi_0/inst/u_topserver/u_mat_vec_mul/u_pe/unit/bd00/blockram_reg/ADDRARDADDR[11] (net: design_1_i/topserver_axi_0/inst/u_topserver/u_mat_vec_mul/u_pe/unit/bd00/ADDRARDADDR[7]) which is driven by a register (design_1_i/topserver_axi_0/inst/u_topserver/u_mat_vec_mul/u_pe/unit/ag/stage_count_reg[0]) that has an active asychronous set or reset. This may cause corruption of the memory contents and/or read values when the set/reset is asserted and is not analyzed by the default static timing analysis. It is suggested to eliminate the use of a set/reset to registers driving this RAMB pin or else use a synchronous reset in which the assertion of the reset is timed by default.
Related violations: <none>

REQP-1840#17 Warning
RAMB18 async control check  
The RAMB18E1 design_1_i/topserver_axi_0/inst/u_topserver/u_mat_vec_mul/u_pe/unit/bd00/blockram_reg has an input control pin design_1_i/topserver_axi_0/inst/u_topserver/u_mat_vec_mul/u_pe/unit/bd00/blockram_reg/ADDRARDADDR[11] (net: design_1_i/topserver_axi_0/inst/u_topserver/u_mat_vec_mul/u_pe/unit/bd00/ADDRARDADDR[7]) which is driven by a register (design_1_i/topserver_axi_0/inst/u_topserver/u_mat_vec_mul/u_pe/unit/ag/stage_count_reg[1]) that has an active asychronous set or reset. This may cause corruption of the memory contents and/or read values when the set/reset is asserted and is not analyzed by the default static timing analysis. It is suggested to eliminate the use of a set/reset to registers driving this RAMB pin or else use a synchronous reset in which the assertion of the reset is timed by default.
Related violations: <none>

REQP-1840#18 Warning
RAMB18 async control check  
The RAMB18E1 design_1_i/topserver_axi_0/inst/u_topserver/u_mat_vec_mul/u_pe/unit/bd00/blockram_reg has an input control pin design_1_i/topserver_axi_0/inst/u_topserver/u_mat_vec_mul/u_pe/unit/bd00/blockram_reg/ADDRARDADDR[11] (net: design_1_i/topserver_axi_0/inst/u_topserver/u_mat_vec_mul/u_pe/unit/bd00/ADDRARDADDR[7]) which is driven by a register (design_1_i/topserver_axi_0/inst/u_topserver/u_mat_vec_mul/u_pe/unit/ag/stage_count_reg[2]) that has an active asychronous set or reset. This may cause corruption of the memory contents and/or read values when the set/reset is asserted and is not analyzed by the default static timing analysis. It is suggested to eliminate the use of a set/reset to registers driving this RAMB pin or else use a synchronous reset in which the assertion of the reset is timed by default.
Related violations: <none>

REQP-1840#19 Warning
RAMB18 async control check  
The RAMB18E1 design_1_i/topserver_axi_0/inst/u_topserver/u_mat_vec_mul/u_pe/unit/bd00/blockram_reg has an input control pin design_1_i/topserver_axi_0/inst/u_topserver/u_mat_vec_mul/u_pe/unit/bd00/blockram_reg/ADDRARDADDR[11] (net: design_1_i/topserver_axi_0/inst/u_topserver/u_mat_vec_mul/u_pe/unit/bd00/ADDRARDADDR[7]) which is driven by a register (design_1_i/topserver_axi_0/inst/u_topserver/u_mat_vec_mul/u_pe/unit/ag/waddr0_reg[7]) that has an active asychronous set or reset. This may cause corruption of the memory contents and/or read values when the set/reset is asserted and is not analyzed by the default static timing analysis. It is suggested to eliminate the use of a set/reset to registers driving this RAMB pin or else use a synchronous reset in which the assertion of the reset is timed by default.
Related violations: <none>

REQP-1840#20 Warning
RAMB18 async control check  
The RAMB18E1 design_1_i/topserver_axi_0/inst/u_topserver/u_mat_vec_mul/u_pe/unit/bd00/blockram_reg has an input control pin design_1_i/topserver_axi_0/inst/u_topserver/u_mat_vec_mul/u_pe/unit/bd00/blockram_reg/ADDRARDADDR[11] (net: design_1_i/topserver_axi_0/inst/u_topserver/u_mat_vec_mul/u_pe/unit/bd00/ADDRARDADDR[7]) which is driven by a register (design_1_i/topserver_axi_0/inst/u_topserver/u_mat_vec_mul/u_pe/unit/ag/waddr1_reg[7]) that has an active asychronous set or reset. This may cause corruption of the memory contents and/or read values when the set/reset is asserted and is not analyzed by the default static timing analysis. It is suggested to eliminate the use of a set/reset to registers driving this RAMB pin or else use a synchronous reset in which the assertion of the reset is timed by default.
Related violations: <none>


