Copyright 1986-2022 Xilinx, Inc. All Rights Reserved. Copyright 2022-2026 Advanced Micro Devices, Inc. All Rights Reserved.
---------------------------------------------------------------------------------------------------------------------------------------------
| Tool Version : Vivado v.2025.2.1 (win64) Build 6403652 Thu Mar 19 19:48:24 GMT 2026
| Date         : Wed May 13 18:14:04 2026
| Host         : Tobia running 64-bit major release  (build 9200)
| Command      : report_clock_utilization -file design_1_wrapper_clock_utilization_routed.rpt
| Design       : design_1_wrapper
| Device       : 7z020-clg484
| Speed File   : -1  PRODUCTION 1.12 2019-11-22
| Design State : Routed
---------------------------------------------------------------------------------------------------------------------------------------------

Clock Utilization Report

Table of Contents
-----------------
1. Clock Primitive Utilization
2. Global Clock Resources
3. Global Clock Source Details
4. Local Clock Details
5. Clock Regions: Key Resource Utilization
6. Clock Regions : Global Clock Summary
7. Device Cell Placement Summary for Global Clock g0
8. Clock Region Cell Placement per Global Clock: Region X0Y0
9. Clock Region Cell Placement per Global Clock: Region X1Y0
10. Clock Region Cell Placement per Global Clock: Region X0Y1
11. Clock Region Cell Placement per Global Clock: Region X1Y1
12. Clock Region Cell Placement per Global Clock: Region X0Y2
13. Clock Region Cell Placement per Global Clock: Region X1Y2

1. Clock Primitive Utilization
------------------------------

+----------+------+-----------+-----+--------------+--------+
| Type     | Used | Available | LOC | Clock Region | Pblock |
+----------+------+-----------+-----+--------------+--------+
| BUFGCTRL |    1 |        32 |   0 |            0 |      0 |
| BUFH     |    0 |        72 |   0 |            0 |      0 |
| BUFIO    |    0 |        16 |   0 |            0 |      0 |
| BUFMR    |    0 |         8 |   0 |            0 |      0 |
| BUFR     |    0 |        16 |   0 |            0 |      0 |
| MMCM     |    0 |         4 |   0 |            0 |      0 |
| PLL      |    0 |         4 |   0 |            0 |      0 |
+----------+------+-----------+-----+--------------+--------+


2. Global Clock Resources
-------------------------

+-----------+-----------+-----------------+------------+----------------+--------------+-------------------+-------------+-----------------+--------------+------------+--------------------------------------------------------------------------+------------------------------------------------+
| Global Id | Source Id | Driver Type/Pin | Constraint | Site           | Clock Region | Load Clock Region | Clock Loads | Non-Clock Loads | Clock Period | Clock      | Driver Pin                                                               | Net                                            |
+-----------+-----------+-----------------+------------+----------------+--------------+-------------------+-------------+-----------------+--------------+------------+--------------------------------------------------------------------------+------------------------------------------------+
| g0        | src0      | BUFG/O          | None       | BUFGCTRL_X0Y16 | n/a          |                 6 |       27114 |               0 |       20.000 | clk_fpga_0 | design_1_i/processing_system7_0/inst/buffer_fclk_clk_0.FCLK_CLK_0_BUFG/O | design_1_i/processing_system7_0/inst/FCLK_CLK0 |
+-----------+-----------+-----------------+------------+----------------+--------------+-------------------+-------------+-----------------+--------------+------------+--------------------------------------------------------------------------+------------------------------------------------+
* Clock Loads column represents cell count of net connects that connect to a clock pin. Internal cell leaf pins are not considered
** Non-Clock Loads column represents cell count of non-clock pin loads


3. Global Clock Source Details
------------------------------

+-----------+-----------+-----------------+------------+----------+--------------+-------------+-----------------+---------------------+--------------+-------------------------------------------------------+-------------------------------------------------------------+
| Source Id | Global Id | Driver Type/Pin | Constraint | Site     | Clock Region | Clock Loads | Non-Clock Loads | Source Clock Period | Source Clock | Driver Pin                                            | Net                                                         |
+-----------+-----------+-----------------+------------+----------+--------------+-------------+-----------------+---------------------+--------------+-------------------------------------------------------+-------------------------------------------------------------+
| src0      | g0        | PS7/FCLKCLK[0]  | None       | PS7_X0Y0 | X0Y2         |           1 |               0 |              20.000 | clk_fpga_0   | design_1_i/processing_system7_0/inst/PS7_i/FCLKCLK[0] | design_1_i/processing_system7_0/inst/FCLK_CLK_unbuffered[0] |
+-----------+-----------+-----------------+------------+----------+--------------+-------------+-----------------+---------------------+--------------+-------------------------------------------------------+-------------------------------------------------------------+
* Clock Loads column represents cell count of net connects that connect to a clock pin. Internal cell leaf pins are not considered
** Non-Clock Loads column represents cell count of non-clock pin loads


4. Local Clock Details
----------------------

+----------+-----------------+------------+---------------------+--------------+-------------+-----------------+--------------+-------+--------------------------------------------------------------------------------------------------------+--------------------------------------------------------------------------------------------------------+
| Local Id | Driver Type/Pin | Constraint | Site/BEL            | Clock Region | Clock Loads | Non-Clock Loads | Clock Period | Clock | Driver Pin                                                                                             | Net                                                                                                    |
+----------+-----------------+------------+---------------------+--------------+-------------+-----------------+--------------+-------+--------------------------------------------------------------------------------------------------------+--------------------------------------------------------------------------------------------------------+
| 0        | FDCE/Q          | None       | SLICE_X107Y148/B5FF | X1Y2         |           1 |               2 |              |       | design_1_i/topserver_axi_0/inst/u_topserver/u_trng/entropy_cell_gen[0].neoTRNG_cell_inst/sreg_reg[4]/Q | design_1_i/topserver_axi_0/inst/u_topserver/u_trng/entropy_cell_gen[0].neoTRNG_cell_inst/Q[0]          |
| 1        | FDCE/Q          | None       | SLICE_X106Y147/AFF  | X1Y2         |           1 |               1 |              |       | design_1_i/topserver_axi_0/inst/u_topserver/u_trng/entropy_cell_gen[0].neoTRNG_cell_inst/sreg_reg[0]/Q | design_1_i/topserver_axi_0/inst/u_topserver/u_trng/entropy_cell_gen[0].neoTRNG_cell_inst/sreg[0]       |
| 2        | FDCE/Q          | None       | SLICE_X106Y147/BFF  | X1Y2         |           1 |               1 |              |       | design_1_i/topserver_axi_0/inst/u_topserver/u_trng/entropy_cell_gen[0].neoTRNG_cell_inst/sreg_reg[1]/Q | design_1_i/topserver_axi_0/inst/u_topserver/u_trng/entropy_cell_gen[0].neoTRNG_cell_inst/sreg[1]       |
| 3        | FDCE/Q          | None       | SLICE_X106Y147/CFF  | X1Y2         |           1 |               1 |              |       | design_1_i/topserver_axi_0/inst/u_topserver/u_trng/entropy_cell_gen[0].neoTRNG_cell_inst/sreg_reg[2]/Q | design_1_i/topserver_axi_0/inst/u_topserver/u_trng/entropy_cell_gen[0].neoTRNG_cell_inst/sreg[2]       |
| 4        | FDCE/Q          | None       | SLICE_X107Y148/A5FF | X1Y2         |           1 |               1 |              |       | design_1_i/topserver_axi_0/inst/u_topserver/u_trng/entropy_cell_gen[0].neoTRNG_cell_inst/sreg_reg[3]/Q | design_1_i/topserver_axi_0/inst/u_topserver/u_trng/entropy_cell_gen[0].neoTRNG_cell_inst/sreg[3]       |
| 5        | FDCE/Q          | None       | SLICE_X106Y147/B5FF | X1Y2         |           1 |               2 |              |       | design_1_i/topserver_axi_0/inst/u_topserver/u_trng/entropy_cell_gen[1].neoTRNG_cell_inst/sreg_reg[6]/Q | design_1_i/topserver_axi_0/inst/u_topserver/u_trng/entropy_cell_gen[1].neoTRNG_cell_inst/Q[0]          |
| 6        | FDCE/Q          | None       | SLICE_X107Y148/C5FF | X1Y2         |           1 |               1 |              |       | design_1_i/topserver_axi_0/inst/u_topserver/u_trng/entropy_cell_gen[1].neoTRNG_cell_inst/sreg_reg[0]/Q | design_1_i/topserver_axi_0/inst/u_topserver/u_trng/entropy_cell_gen[1].neoTRNG_cell_inst/sreg[0]       |
| 7        | FDCE/Q          | None       | SLICE_X108Y148/AFF  | X1Y2         |           1 |               1 |              |       | design_1_i/topserver_axi_0/inst/u_topserver/u_trng/entropy_cell_gen[1].neoTRNG_cell_inst/sreg_reg[1]/Q | design_1_i/topserver_axi_0/inst/u_topserver/u_trng/entropy_cell_gen[1].neoTRNG_cell_inst/sreg[1]       |
| 8        | FDCE/Q          | None       | SLICE_X108Y148/BFF  | X1Y2         |           1 |               1 |              |       | design_1_i/topserver_axi_0/inst/u_topserver/u_trng/entropy_cell_gen[1].neoTRNG_cell_inst/sreg_reg[2]/Q | design_1_i/topserver_axi_0/inst/u_topserver/u_trng/entropy_cell_gen[1].neoTRNG_cell_inst/sreg[2]       |
| 9        | FDCE/Q          | None       | SLICE_X108Y148/CFF  | X1Y2         |           1 |               1 |              |       | design_1_i/topserver_axi_0/inst/u_topserver/u_trng/entropy_cell_gen[1].neoTRNG_cell_inst/sreg_reg[3]/Q | design_1_i/topserver_axi_0/inst/u_topserver/u_trng/entropy_cell_gen[1].neoTRNG_cell_inst/sreg[3]       |
| 10       | FDCE/Q          | None       | SLICE_X108Y148/DFF  | X1Y2         |           1 |               1 |              |       | design_1_i/topserver_axi_0/inst/u_topserver/u_trng/entropy_cell_gen[1].neoTRNG_cell_inst/sreg_reg[4]/Q | design_1_i/topserver_axi_0/inst/u_topserver/u_trng/entropy_cell_gen[1].neoTRNG_cell_inst/sreg[4]       |
| 11       | FDCE/Q          | None       | SLICE_X106Y147/DFF  | X1Y2         |           1 |               1 |              |       | design_1_i/topserver_axi_0/inst/u_topserver/u_trng/entropy_cell_gen[1].neoTRNG_cell_inst/sreg_reg[5]/Q | design_1_i/topserver_axi_0/inst/u_topserver/u_trng/entropy_cell_gen[1].neoTRNG_cell_inst/sreg[5]       |
| 12       | FDCE/Q          | None       | SLICE_X113Y148/B5FF | X1Y2         |           1 |               1 |              |       | design_1_i/topserver_axi_0/inst/u_topserver/u_trng/entropy_cell_gen[2].neoTRNG_cell_inst/sreg_reg[8]/Q | design_1_i/topserver_axi_0/inst/u_topserver/u_trng/entropy_cell_gen[2].neoTRNG_cell_inst/cell_en_out_2 |
| 13       | FDCE/Q          | None       | SLICE_X108Y148/A5FF | X1Y2         |           1 |               1 |              |       | design_1_i/topserver_axi_0/inst/u_topserver/u_trng/entropy_cell_gen[2].neoTRNG_cell_inst/sreg_reg[0]/Q | design_1_i/topserver_axi_0/inst/u_topserver/u_trng/entropy_cell_gen[2].neoTRNG_cell_inst/sreg[0]       |
| 14       | FDCE/Q          | None       | SLICE_X108Y148/B5FF | X1Y2         |           1 |               1 |              |       | design_1_i/topserver_axi_0/inst/u_topserver/u_trng/entropy_cell_gen[2].neoTRNG_cell_inst/sreg_reg[1]/Q | design_1_i/topserver_axi_0/inst/u_topserver/u_trng/entropy_cell_gen[2].neoTRNG_cell_inst/sreg[1]       |
| 15       | FDCE/Q          | None       | SLICE_X108Y148/C5FF | X1Y2         |           1 |               1 |              |       | design_1_i/topserver_axi_0/inst/u_topserver/u_trng/entropy_cell_gen[2].neoTRNG_cell_inst/sreg_reg[2]/Q | design_1_i/topserver_axi_0/inst/u_topserver/u_trng/entropy_cell_gen[2].neoTRNG_cell_inst/sreg[2]       |
| 16       | FDCE/Q          | None       | SLICE_X113Y148/AFF  | X1Y2         |           1 |               1 |              |       | design_1_i/topserver_axi_0/inst/u_topserver/u_trng/entropy_cell_gen[2].neoTRNG_cell_inst/sreg_reg[3]/Q | design_1_i/topserver_axi_0/inst/u_topserver/u_trng/entropy_cell_gen[2].neoTRNG_cell_inst/sreg[3]       |
| 17       | FDCE/Q          | None       | SLICE_X113Y148/BFF  | X1Y2         |           1 |               1 |              |       | design_1_i/topserver_axi_0/inst/u_topserver/u_trng/entropy_cell_gen[2].neoTRNG_cell_inst/sreg_reg[4]/Q | design_1_i/topserver_axi_0/inst/u_topserver/u_trng/entropy_cell_gen[2].neoTRNG_cell_inst/sreg[4]       |
| 18       | FDCE/Q          | None       | SLICE_X113Y148/CFF  | X1Y2         |           1 |               1 |              |       | design_1_i/topserver_axi_0/inst/u_topserver/u_trng/entropy_cell_gen[2].neoTRNG_cell_inst/sreg_reg[5]/Q | design_1_i/topserver_axi_0/inst/u_topserver/u_trng/entropy_cell_gen[2].neoTRNG_cell_inst/sreg[5]       |
| 19       | FDCE/Q          | None       | SLICE_X113Y148/DFF  | X1Y2         |           1 |               1 |              |       | design_1_i/topserver_axi_0/inst/u_topserver/u_trng/entropy_cell_gen[2].neoTRNG_cell_inst/sreg_reg[6]/Q | design_1_i/topserver_axi_0/inst/u_topserver/u_trng/entropy_cell_gen[2].neoTRNG_cell_inst/sreg[6]       |
| 20       | FDCE/Q          | None       | SLICE_X113Y148/A5FF | X1Y2         |           1 |               1 |              |       | design_1_i/topserver_axi_0/inst/u_topserver/u_trng/entropy_cell_gen[2].neoTRNG_cell_inst/sreg_reg[7]/Q | design_1_i/topserver_axi_0/inst/u_topserver/u_trng/entropy_cell_gen[2].neoTRNG_cell_inst/sreg[7]       |
+----------+-----------------+------------+---------------------+--------------+-------------+-----------------+--------------+-------+--------------------------------------------------------------------------------------------------------+--------------------------------------------------------------------------------------------------------+
* Local Clocks in this context represents only clocks driven by non-global buffers
** Clock Loads column represents cell count of net connects that connect to a clock pin. Internal cell leaf pins are not considered
*** Non-Clock Loads column represents cell count of non-clock pin loads


5. Clock Regions: Key Resource Utilization
------------------------------------------

+-------------------+--------------+--------------+--------------+--------------+--------------+--------------+--------------+--------------+--------------+--------------+--------------+--------------+--------------+--------------+--------------+
|                   | Global Clock |     BUFRs    |    BUFMRs    |    BUFIOs    |     MMCM     |      PLL     |      GT      |      PCI     |    ILOGIC    |    OLOGIC    |      FF      |     LUTM     |    RAMB18    |    RAMB36    |    DSP48E2   |
+-------------------+------+-------+------+-------+------+-------+------+-------+------+-------+------+-------+------+-------+------+-------+------+-------+------+-------+------+-------+------+-------+------+-------+------+-------+------+-------+
| Clock Region Name | Used | Avail | Used | Avail | Used | Avail | Used | Avail | Used | Avail | Used | Avail | Used | Avail | Used | Avail | Used | Avail | Used | Avail | Used | Avail | Used | Avail | Used | Avail | Used | Avail | Used | Avail |
+-------------------+------+-------+------+-------+------+-------+------+-------+------+-------+------+-------+------+-------+------+-------+------+-------+------+-------+------+-------+------+-------+------+-------+------+-------+------+-------+
| X0Y0              |    1 |    12 |    0 |     4 |    0 |     2 |    0 |     4 |    0 |     1 |    0 |     1 |    0 |     0 |    0 |     0 |    0 |    50 |    0 |    50 | 5978 |  2500 | 2371 |  1000 |    3 |    60 |    0 |    30 |    1 |    60 |
| X1Y0              |    1 |    12 |    0 |     4 |    0 |     2 |    0 |     4 |    0 |     1 |    0 |     1 |    0 |     0 |    0 |     0 |    0 |    50 |    0 |    50 | 7683 |  3200 | 1765 |   850 |    0 |    60 |    0 |    30 |    0 |    40 |
| X0Y1              |    1 |    12 |    0 |     0 |    0 |     0 |    0 |     0 |    0 |     0 |    0 |     0 |    0 |     0 |    0 |     0 |    0 |     0 |    0 |     0 | 2332 |  1200 |  755 |   400 |    0 |    20 |    0 |    10 |    0 |    20 |
| X1Y1              |    1 |    12 |    0 |     4 |    0 |     2 |    0 |     4 |    0 |     1 |    0 |     1 |    0 |     0 |    0 |     0 |    0 |    50 |    0 |    50 | 4256 |  2600 | 1386 |   850 |    0 |    60 |    0 |    30 |    0 |    40 |
| X0Y2              |    1 |    12 |    0 |     0 |    0 |     0 |    0 |     0 |    0 |     0 |    0 |     0 |    0 |     0 |    0 |     0 |    0 |     0 |    0 |     0 | 2449 |  1200 |  825 |   400 |    0 |    20 |    0 |    10 |    0 |    20 |
| X1Y2              |    1 |    12 |    0 |     4 |    0 |     2 |    0 |     4 |    0 |     1 |    0 |     1 |    0 |     0 |    0 |     0 |    0 |    50 |    0 |    50 | 4197 |  2600 | 1314 |   850 |    0 |    60 |    0 |    30 |    0 |    40 |
+-------------------+------+-------+------+-------+------+-------+------+-------+------+-------+------+-------+------+-------+------+-------+------+-------+------+-------+------+-------+------+-------+------+-------+------+-------+------+-------+
* Global Clock column represents track count; while other columns represents cell counts


6. Clock Regions : Global Clock Summary
---------------------------------------

All Modules
+----+----+----+
|    | X0 | X1 |
+----+----+----+
| Y2 |  0 |  0 |
| Y1 |  0 |  0 |
| Y0 |  0 |  0 |
+----+----+----+


7. Device Cell Placement Summary for Global Clock g0
----------------------------------------------------

+-----------+-----------------+-------------------+------------+-------------+----------------+-------------+----------+----------------+----------+------------------------------------------------+
| Global Id | Driver Type/Pin | Driver Region (D) | Clock      | Period (ns) | Waveform (ns)  | Slice Loads | IO Loads | Clocking Loads | GT Loads | Net                                            |
+-----------+-----------------+-------------------+------------+-------------+----------------+-------------+----------+----------------+----------+------------------------------------------------+
| g0        | BUFG/O          | n/a               | clk_fpga_0 |      20.000 | {0.000 10.000} |       26930 |        0 |              0 |        0 | design_1_i/processing_system7_0/inst/FCLK_CLK0 |
+-----------+-----------------+-------------------+------------+-------------+----------------+-------------+----------+----------------+----------+------------------------------------------------+
* Slice Loads column represents load cell count of all cell types other than IO, GT and clock resources
** IO Loads column represents load cell count of IO types
*** Clocking Loads column represents load cell count that are clock resources (global clock buffer, MMCM, PLL, etc)
**** GT Loads column represents load cell count of GT types


+----+-------+-------+-----------------------+
|    | X0    | X1    | HORIZONTAL PROG DELAY |
+----+-------+-------+-----------------------+
| Y2 |  2452 |  4197 |                     0 |
| Y1 |  2332 |  4256 |                     0 |
| Y0 |  6009 |  7684 |                     0 |
+----+-------+-------+-----------------------+


8. Clock Region Cell Placement per Global Clock: Region X0Y0
------------------------------------------------------------

+-----------+-------+-----------------+------------+-------------+-----------------+------+-------------+------+-----+----+------+-----+---------+------------------------------------------------+
| Global Id | Track | Driver Type/Pin | Constraint | Clock Loads | Non-Clock Loads | FF   | Memory LUTs | RAMB | DSP | GT | MMCM | PLL | Hard IP | Net                                            |
+-----------+-------+-----------------+------------+-------------+-----------------+------+-------------+------+-----+----+------+-----+---------+------------------------------------------------+
| g0        | n/a   | BUFG/O          | None       |        6009 |               0 | 5978 |          22 |    3 |   1 |  0 |    0 |   0 |       0 | design_1_i/processing_system7_0/inst/FCLK_CLK0 |
+-----------+-------+-----------------+------------+-------------+-----------------+------+-------------+------+-----+----+------+-----+---------+------------------------------------------------+
* Clock Loads column represents cell count of net connects that connect to a clock pin. Internal cell leaf pins are not considered
** Non-Clock Loads column represents cell count of non-clock pin loads
*** Columns FF, LUTRAM, RAMB through 'Hard IP' represents load cell counts


9. Clock Region Cell Placement per Global Clock: Region X1Y0
------------------------------------------------------------

+-----------+-------+-----------------+------------+-------------+-----------------+------+-------------+------+-----+----+------+-----+---------+------------------------------------------------+
| Global Id | Track | Driver Type/Pin | Constraint | Clock Loads | Non-Clock Loads | FF   | Memory LUTs | RAMB | DSP | GT | MMCM | PLL | Hard IP | Net                                            |
+-----------+-------+-----------------+------------+-------------+-----------------+------+-------------+------+-----+----+------+-----+---------+------------------------------------------------+
| g0        | n/a   | BUFG/O          | None       |        7684 |               0 | 7683 |           0 |    0 |   0 |  0 |    0 |   0 |       0 | design_1_i/processing_system7_0/inst/FCLK_CLK0 |
+-----------+-------+-----------------+------------+-------------+-----------------+------+-------------+------+-----+----+------+-----+---------+------------------------------------------------+
* Clock Loads column represents cell count of net connects that connect to a clock pin. Internal cell leaf pins are not considered
** Non-Clock Loads column represents cell count of non-clock pin loads
*** Columns FF, LUTRAM, RAMB through 'Hard IP' represents load cell counts


10. Clock Region Cell Placement per Global Clock: Region X0Y1
-------------------------------------------------------------

+-----------+-------+-----------------+------------+-------------+-----------------+------+-------------+------+-----+----+------+-----+---------+------------------------------------------------+
| Global Id | Track | Driver Type/Pin | Constraint | Clock Loads | Non-Clock Loads | FF   | Memory LUTs | RAMB | DSP | GT | MMCM | PLL | Hard IP | Net                                            |
+-----------+-------+-----------------+------------+-------------+-----------------+------+-------------+------+-----+----+------+-----+---------+------------------------------------------------+
| g0        | n/a   | BUFG/O          | None       |        2332 |               0 | 2332 |           0 |    0 |   0 |  0 |    0 |   0 |       0 | design_1_i/processing_system7_0/inst/FCLK_CLK0 |
+-----------+-------+-----------------+------------+-------------+-----------------+------+-------------+------+-----+----+------+-----+---------+------------------------------------------------+
* Clock Loads column represents cell count of net connects that connect to a clock pin. Internal cell leaf pins are not considered
** Non-Clock Loads column represents cell count of non-clock pin loads
*** Columns FF, LUTRAM, RAMB through 'Hard IP' represents load cell counts


11. Clock Region Cell Placement per Global Clock: Region X1Y1
-------------------------------------------------------------

+-----------+-------+-----------------+------------+-------------+-----------------+------+-------------+------+-----+----+------+-----+---------+------------------------------------------------+
| Global Id | Track | Driver Type/Pin | Constraint | Clock Loads | Non-Clock Loads | FF   | Memory LUTs | RAMB | DSP | GT | MMCM | PLL | Hard IP | Net                                            |
+-----------+-------+-----------------+------------+-------------+-----------------+------+-------------+------+-----+----+------+-----+---------+------------------------------------------------+
| g0        | n/a   | BUFG/O          | None       |        4256 |               0 | 4256 |           0 |    0 |   0 |  0 |    0 |   0 |       0 | design_1_i/processing_system7_0/inst/FCLK_CLK0 |
+-----------+-------+-----------------+------------+-------------+-----------------+------+-------------+------+-----+----+------+-----+---------+------------------------------------------------+
* Clock Loads column represents cell count of net connects that connect to a clock pin. Internal cell leaf pins are not considered
** Non-Clock Loads column represents cell count of non-clock pin loads
*** Columns FF, LUTRAM, RAMB through 'Hard IP' represents load cell counts


12. Clock Region Cell Placement per Global Clock: Region X0Y2
-------------------------------------------------------------

+-----------+-------+-----------------+------------+-------------+-----------------+------+-------------+------+-----+----+------+-----+---------+------------------------------------------------+
| Global Id | Track | Driver Type/Pin | Constraint | Clock Loads | Non-Clock Loads | FF   | Memory LUTs | RAMB | DSP | GT | MMCM | PLL | Hard IP | Net                                            |
+-----------+-------+-----------------+------------+-------------+-----------------+------+-------------+------+-----+----+------+-----+---------+------------------------------------------------+
| g0        | n/a   | BUFG/O          | None       |        2452 |               0 | 2449 |           2 |    0 |   0 |  0 |    0 |   0 |       0 | design_1_i/processing_system7_0/inst/FCLK_CLK0 |
+-----------+-------+-----------------+------------+-------------+-----------------+------+-------------+------+-----+----+------+-----+---------+------------------------------------------------+
* Clock Loads column represents cell count of net connects that connect to a clock pin. Internal cell leaf pins are not considered
** Non-Clock Loads column represents cell count of non-clock pin loads
*** Columns FF, LUTRAM, RAMB through 'Hard IP' represents load cell counts


13. Clock Region Cell Placement per Global Clock: Region X1Y2
-------------------------------------------------------------

+-----------+-------+-----------------+------------+-------------+-----------------+------+-------------+------+-----+----+------+-----+---------+------------------------------------------------+
| Global Id | Track | Driver Type/Pin | Constraint | Clock Loads | Non-Clock Loads | FF   | Memory LUTs | RAMB | DSP | GT | MMCM | PLL | Hard IP | Net                                            |
+-----------+-------+-----------------+------------+-------------+-----------------+------+-------------+------+-----+----+------+-----+---------+------------------------------------------------+
| g0        | n/a   | BUFG/O          | None       |        4197 |               0 | 4197 |           0 |    0 |   0 |  0 |    0 |   0 |       0 | design_1_i/processing_system7_0/inst/FCLK_CLK0 |
+-----------+-------+-----------------+------------+-------------+-----------------+------+-------------+------+-----+----+------+-----+---------+------------------------------------------------+
* Clock Loads column represents cell count of net connects that connect to a clock pin. Internal cell leaf pins are not considered
** Non-Clock Loads column represents cell count of non-clock pin loads
*** Columns FF, LUTRAM, RAMB through 'Hard IP' represents load cell counts



# Location of BUFG Primitives 
set_property LOC BUFGCTRL_X0Y16 [get_cells design_1_i/processing_system7_0/inst/buffer_fclk_clk_0.FCLK_CLK_0_BUFG]

# Location of IO Primitives which is load of clock spine

# Location of clock ports

# Clock net "design_1_i/processing_system7_0/inst/FCLK_CLK0" driven by instance "design_1_i/processing_system7_0/inst/buffer_fclk_clk_0.FCLK_CLK_0_BUFG" located at site "BUFGCTRL_X0Y16"
#startgroup
create_pblock {CLKAG_design_1_i/processing_system7_0/inst/FCLK_CLK0}
add_cells_to_pblock [get_pblocks  {CLKAG_design_1_i/processing_system7_0/inst/FCLK_CLK0}] [get_cells -filter { PRIMITIVE_GROUP != I/O && IS_PRIMITIVE==1 && PRIMITIVE_LEVEL !=INTERNAL } -of_object [get_pins -filter {DIRECTION==IN} -of_objects [get_nets -hierarchical -filter {PARENT=="design_1_i/processing_system7_0/inst/FCLK_CLK0"}]]]
resize_pblock [get_pblocks {CLKAG_design_1_i/processing_system7_0/inst/FCLK_CLK0}] -add {CLOCKREGION_X0Y0:CLOCKREGION_X0Y0 CLOCKREGION_X0Y1:CLOCKREGION_X0Y1 CLOCKREGION_X0Y2:CLOCKREGION_X0Y2 CLOCKREGION_X1Y0:CLOCKREGION_X1Y0 CLOCKREGION_X1Y1:CLOCKREGION_X1Y1 CLOCKREGION_X1Y2:CLOCKREGION_X1Y2}
#endgroup
